  projekat.c
c:\users\student\desktop\ormaa\lprs2_vezba4\receiver\pcap-project\project\projekat.c(238): warning C4013: 'setup_custom_header' undefined; assuming extern returning int
c:\users\student\desktop\ormaa\lprs2_vezba4\receiver\pcap-project\project\projekat.c(238): warning C4047: '=': 'unsigned char *' differs in levels of indirection from 'int'
c:\users\student\desktop\ormaa\lprs2_vezba4\receiver\pcap-project\project\projekat.c(239): warning C4013: 'setup_udp_header' undefined; assuming extern returning int
c:\users\student\desktop\ormaa\lprs2_vezba4\receiver\pcap-project\project\projekat.c(239): warning C4047: '=': 'unsigned char *' differs in levels of indirection from 'int'
c:\users\student\desktop\ormaa\lprs2_vezba4\receiver\pcap-project\project\projekat.c(240): warning C4013: 'setup_ipv4_header' undefined; assuming extern returning int
c:\users\student\desktop\ormaa\lprs2_vezba4\receiver\pcap-project\project\projekat.c(240): warning C4047: '=': 'unsigned char *' differs in levels of indirection from 'int'
c:\users\student\desktop\ormaa\lprs2_vezba4\receiver\pcap-project\project\projekat.c(241): warning C4013: 'setup_ethernet_header' undefined; assuming extern returning int
c:\users\student\desktop\ormaa\lprs2_vezba4\receiver\pcap-project\project\projekat.c(241): warning C4047: '=': 'unsigned char *' differs in levels of indirection from 'int'
c:\users\student\desktop\ormaa\lprs2_vezba4\receiver\pcap-project\project\projekat.c(271): warning C4113: 'void *(__cdecl *)()' differs in parameter lists from 'void *(__cdecl *)(void *)'
c:\users\student\desktop\ormaa\lprs2_vezba4\receiver\pcap-project\project\projekat.c(66): warning C4101: 'result': unreferenced local variable
c:\users\student\desktop\ormaa\lprs2_vezba4\receiver\pcap-project\project\projekat.c(68): warning C4101: 'packet_data': unreferenced local variable
c:\users\student\desktop\ormaa\lprs2_vezba4\receiver\pcap-project\project\projekat.c(67): warning C4101: 'packet_header': unreferenced local variable
c:\users\student\desktop\ormaa\lprs2_vezba4\receiver\pcap-project\project\projekat.c(374): warning C4293: '<<': shift count negative or too big, undefined behavior
c:\users\student\desktop\ormaa\lprs2_vezba4\receiver\pcap-project\project\projekat.c(385): warning C4047: '=': 'unsigned char *' differs in levels of indirection from 'int'
c:\users\student\desktop\ormaa\lprs2_vezba4\receiver\pcap-project\project\projekat.c(386): warning C4047: '=': 'unsigned char *' differs in levels of indirection from 'int'
c:\users\student\desktop\ormaa\lprs2_vezba4\receiver\pcap-project\project\projekat.c(387): warning C4047: '=': 'unsigned char *' differs in levels of indirection from 'int'
c:\users\student\desktop\ormaa\lprs2_vezba4\receiver\pcap-project\project\projekat.c(388): warning C4047: '=': 'unsigned char *' differs in levels of indirection from 'int'
c:\users\student\desktop\ormaa\lprs2_vezba4\receiver\pcap-project\project\projekat.c(393): warning C4098: 'packet_handler_eth': 'void' function returning a value
c:\users\student\desktop\ormaa\lprs2_vezba4\receiver\pcap-project\project\projekat.c(370): warning C4090: 'initializing': different 'const' qualifiers
c:\users\student\desktop\ormaa\lprs2_vezba4\receiver\pcap-project\project\projekat.c(448): warning C4293: '<<': shift count negative or too big, undefined behavior
c:\users\student\desktop\ormaa\lprs2_vezba4\receiver\pcap-project\project\projekat.c(459): warning C4047: '=': 'unsigned char *' differs in levels of indirection from 'int'
c:\users\student\desktop\ormaa\lprs2_vezba4\receiver\pcap-project\project\projekat.c(460): warning C4047: '=': 'unsigned char *' differs in levels of indirection from 'int'
c:\users\student\desktop\ormaa\lprs2_vezba4\receiver\pcap-project\project\projekat.c(461): warning C4047: '=': 'unsigned char *' differs in levels of indirection from 'int'
c:\users\student\desktop\ormaa\lprs2_vezba4\receiver\pcap-project\project\projekat.c(462): warning C4047: '=': 'unsigned char *' differs in levels of indirection from 'int'
c:\users\student\desktop\ormaa\lprs2_vezba4\receiver\pcap-project\project\projekat.c(466): warning C4098: 'packet_handler_wifi': 'void' function returning a value
c:\users\student\desktop\ormaa\lprs2_vezba4\receiver\pcap-project\project\projekat.c(443): warning C4090: 'initializing': different 'const' qualifiers
c:\users\student\desktop\ormaa\lprs2_vezba4\receiver\pcap-project\project\projekat.c(525): warning C4090: '=': different 'const' qualifiers
c:\users\student\desktop\ormaa\lprs2_vezba4\receiver\pcap-project\project\projekat.c(530): warning C4090: '=': different 'const' qualifiers
c:\users\student\desktop\ormaa\lprs2_vezba4\receiver\pcap-project\project\projekat.c(519): warning C4090: 'initializing': different 'const' qualifiers
c:\users\student\desktop\ormaa\lprs2_vezba4\receiver\pcap-project\project\projekat.c(543): warning C4716: 'listenOverWiFi': must return a value
projekat.obj : warning LNK4075: ignoring '/EDITANDCONTINUE' due to '/OPT:LBR' specification
  Project.vcxproj -> C:\Users\student\Desktop\ormaa\LPRS2_vezba4\Receiver\Pcap-Project\Project\.\Debug\Project.exe
  Project.vcxproj -> .\Debug\Project.pdb (Full PDB)
